2022/04/15 15:19:14 [notice] 1#1: using the "epoll" event method
2022/04/15 15:19:14 [notice] 1#1: nginx/1.21.6
2022/04/15 15:19:14 [notice] 1#1: built by gcc 10.2.1 20210110 (Debian 10.2.1-6) 
2022/04/15 15:19:14 [notice] 1#1: OS: Linux 5.10.16.3-microsoft-standard-WSL2
2022/04/15 15:19:14 [notice] 1#1: getrlimit(RLIMIT_NOFILE): 1048576:1048576
2022/04/15 15:19:14 [notice] 1#1: start worker processes
2022/04/15 15:19:14 [notice] 1#1: start worker process 22
2022/04/15 15:19:14 [notice] 1#1: start worker process 23
2022/04/15 15:19:14 [notice] 1#1: start worker process 24
2022/04/15 15:19:14 [notice] 1#1: start worker process 25
2022/04/15 15:19:14 [notice] 1#1: start worker process 26
2022/04/15 15:19:14 [notice] 1#1: start worker process 27
2022/04/15 15:19:14 [notice] 1#1: start worker process 28
2022/04/15 15:19:14 [notice] 1#1: start worker process 29
2022/04/15 15:19:14 [notice] 1#1: start worker process 30
2022/04/15 15:19:14 [notice] 1#1: start worker process 31
2022/04/15 15:19:14 [notice] 1#1: start worker process 32
2022/04/15 15:19:14 [notice] 1#1: start worker process 33
2022/04/15 15:33:09 [notice] 1#1: signal 3 (SIGQUIT) received, shutting down
2022/04/15 15:33:09 [notice] 22#22: gracefully shutting down
2022/04/15 15:33:09 [notice] 25#25: gracefully shutting down
2022/04/15 15:33:09 [notice] 23#23: gracefully shutting down
2022/04/15 15:33:09 [notice] 24#24: gracefully shutting down
2022/04/15 15:33:09 [notice] 28#28: gracefully shutting down
2022/04/15 15:33:09 [notice] 27#27: gracefully shutting down
2022/04/15 15:33:09 [notice] 27#27: exiting
2022/04/15 15:33:09 [notice] 29#29: gracefully shutting down
2022/04/15 15:33:09 [notice] 29#29: exiting
2022/04/15 15:33:09 [notice] 30#30: gracefully shutting down
2022/04/15 15:33:09 [notice] 30#30: exiting
2022/04/15 15:33:09 [notice] 31#31: gracefully shutting down
2022/04/15 15:33:09 [notice] 32#32: gracefully shutting down
2022/04/15 15:33:09 [notice] 33#33: gracefully shutting down
2022/04/15 15:33:09 [notice] 22#22: exiting
2022/04/15 15:33:09 [notice] 26#26: gracefully shutting down
2022/04/15 15:33:09 [notice] 25#25: exiting
2022/04/15 15:33:09 [notice] 23#23: exiting
2022/04/15 15:33:09 [notice] 24#24: exiting
2022/04/15 15:33:09 [notice] 28#28: exiting
2022/04/15 15:33:09 [notice] 27#27: exit
2022/04/15 15:33:09 [notice] 29#29: exit
2022/04/15 15:33:09 [notice] 30#30: exit
2022/04/15 15:33:09 [notice] 31#31: exiting
2022/04/15 15:33:09 [notice] 32#32: exiting
2022/04/15 15:33:09 [notice] 33#33: exiting
2022/04/15 15:33:09 [notice] 22#22: exit
2022/04/15 15:33:09 [notice] 26#26: exiting
2022/04/15 15:33:09 [notice] 25#25: exit
2022/04/15 15:33:09 [notice] 23#23: exit
2022/04/15 15:33:09 [notice] 24#24: exit
2022/04/15 15:33:09 [notice] 28#28: exit
2022/04/15 15:33:09 [notice] 31#31: exit
2022/04/15 15:33:09 [notice] 32#32: exit
2022/04/15 15:33:09 [notice] 33#33: exit
2022/04/15 15:33:09 [notice] 26#26: exit
2022/04/15 15:33:09 [notice] 1#1: signal 17 (SIGCHLD) received from 29
2022/04/15 15:33:09 [notice] 1#1: worker process 24 exited with code 0
2022/04/15 15:33:09 [notice] 1#1: worker process 29 exited with code 0
2022/04/15 15:33:09 [notice] 1#1: worker process 33 exited with code 0
2022/04/15 15:33:09 [notice] 1#1: signal 29 (SIGIO) received
2022/04/15 15:33:09 [notice] 1#1: signal 17 (SIGCHLD) received from 24
2022/04/15 15:33:09 [notice] 1#1: signal 17 (SIGCHLD) received from 25
2022/04/15 15:33:09 [notice] 1#1: worker process 25 exited with code 0
2022/04/15 15:33:09 [notice] 1#1: worker process 27 exited with code 0
2022/04/15 15:33:09 [notice] 1#1: signal 29 (SIGIO) received
2022/04/15 15:33:09 [notice] 1#1: signal 17 (SIGCHLD) received from 30
2022/04/15 15:33:09 [notice] 1#1: worker process 30 exited with code 0
2022/04/15 15:33:09 [notice] 1#1: signal 29 (SIGIO) received
2022/04/15 15:33:09 [notice] 1#1: signal 17 (SIGCHLD) received from 22
2022/04/15 15:33:09 [notice] 1#1: worker process 22 exited with code 0
2022/04/15 15:33:09 [notice] 1#1: worker process 31 exited with code 0
2022/04/15 15:33:09 [notice] 1#1: signal 29 (SIGIO) received
2022/04/15 15:33:09 [notice] 1#1: signal 17 (SIGCHLD) received from 32
2022/04/15 15:33:09 [notice] 1#1: worker process 32 exited with code 0
2022/04/15 15:33:09 [notice] 1#1: signal 29 (SIGIO) received
2022/04/15 15:33:09 [notice] 1#1: signal 17 (SIGCHLD) received from 28
2022/04/15 15:33:09 [notice] 1#1: worker process 23 exited with code 0
2022/04/15 15:33:09 [notice] 1#1: worker process 26 exited with code 0
2022/04/15 15:33:09 [notice] 1#1: worker process 28 exited with code 0
2022/04/15 15:33:09 [notice] 1#1: exit
2022/04/15 15:45:13 [notice] 1#1: using the "epoll" event method
2022/04/15 15:45:13 [notice] 1#1: nginx/1.21.6
2022/04/15 15:45:13 [notice] 1#1: built by gcc 10.2.1 20210110 (Debian 10.2.1-6) 
2022/04/15 15:45:13 [notice] 1#1: OS: Linux 5.10.16.3-microsoft-standard-WSL2
2022/04/15 15:45:13 [notice] 1#1: getrlimit(RLIMIT_NOFILE): 1048576:1048576
2022/04/15 15:45:13 [notice] 1#1: start worker processes
2022/04/15 15:45:13 [notice] 1#1: start worker process 23
2022/04/15 15:45:13 [notice] 1#1: start worker process 24
2022/04/15 15:45:13 [notice] 1#1: start worker process 25
2022/04/15 15:45:13 [notice] 1#1: start worker process 26
2022/04/15 15:45:13 [notice] 1#1: start worker process 27
2022/04/15 15:45:13 [notice] 1#1: start worker process 28
2022/04/15 15:45:13 [notice] 1#1: start worker process 29
2022/04/15 15:45:13 [notice] 1#1: start worker process 30
2022/04/15 15:45:13 [notice] 1#1: start worker process 31
2022/04/15 15:45:13 [notice] 1#1: start worker process 32
2022/04/15 15:45:13 [notice] 1#1: start worker process 33
2022/04/15 15:45:13 [notice] 1#1: start worker process 34
2022/04/15 16:45:40 [notice] 1#1: signal 3 (SIGQUIT) received, shutting down
2022/04/15 16:45:40 [notice] 23#23: gracefully shutting down
2022/04/15 16:45:40 [notice] 34#34: gracefully shutting down
2022/04/15 16:45:40 [notice] 24#24: gracefully shutting down
2022/04/15 16:45:40 [notice] 24#24: exiting
2022/04/15 16:45:40 [notice] 26#26: gracefully shutting down
2022/04/15 16:45:40 [notice] 25#25: gracefully shutting down
2022/04/15 16:45:40 [notice] 25#25: exiting
2022/04/15 16:45:40 [notice] 27#27: gracefully shutting down
2022/04/15 16:45:40 [notice] 28#28: gracefully shutting down
2022/04/15 16:45:40 [notice] 28#28: exiting
2022/04/15 16:45:40 [notice] 30#30: gracefully shutting down
2022/04/15 16:45:40 [notice] 30#30: exiting
2022/04/15 16:45:40 [notice] 29#29: gracefully shutting down
2022/04/15 16:45:40 [notice] 29#29: exiting
2022/04/15 16:45:40 [notice] 32#32: gracefully shutting down
2022/04/15 16:45:40 [notice] 32#32: exiting
2022/04/15 16:45:40 [notice] 31#31: gracefully shutting down
2022/04/15 16:45:40 [notice] 31#31: exiting
2022/04/15 16:45:40 [notice] 33#33: gracefully shutting down
2022/04/15 16:45:40 [notice] 23#23: exiting
2022/04/15 16:45:40 [notice] 34#34: exiting
2022/04/15 16:45:40 [notice] 24#24: exit
2022/04/15 16:45:40 [notice] 26#26: exiting
2022/04/15 16:45:40 [notice] 25#25: exit
2022/04/15 16:45:40 [notice] 27#27: exiting
2022/04/15 16:45:40 [notice] 28#28: exit
2022/04/15 16:45:40 [notice] 27#27: exit
2022/04/15 16:45:40 [notice] 30#30: exit
2022/04/15 16:45:40 [notice] 29#29: exit
2022/04/15 16:45:40 [notice] 32#32: exit
2022/04/15 16:45:40 [notice] 31#31: exit
2022/04/15 16:45:40 [notice] 33#33: exiting
2022/04/15 16:45:40 [notice] 23#23: exit
2022/04/15 16:45:40 [notice] 34#34: exit
2022/04/15 16:45:40 [notice] 26#26: exit
2022/04/15 16:45:40 [notice] 33#33: exit
2022/04/15 16:45:40 [notice] 1#1: signal 17 (SIGCHLD) received from 33
2022/04/15 16:45:40 [notice] 1#1: worker process 30 exited with code 0
2022/04/15 16:45:40 [notice] 1#1: worker process 31 exited with code 0
2022/04/15 16:45:40 [notice] 1#1: worker process 32 exited with code 0
2022/04/15 16:45:40 [notice] 1#1: worker process 33 exited with code 0
2022/04/15 16:45:40 [notice] 1#1: signal 29 (SIGIO) received
2022/04/15 16:45:40 [notice] 1#1: signal 17 (SIGCHLD) received from 32
2022/04/15 16:45:40 [notice] 1#1: signal 17 (SIGCHLD) received from 34
2022/04/15 16:45:40 [notice] 1#1: worker process 29 exited with code 0
2022/04/15 16:45:40 [notice] 1#1: worker process 34 exited with code 0
2022/04/15 16:45:40 [notice] 1#1: signal 29 (SIGIO) received
2022/04/15 16:45:40 [notice] 1#1: signal 17 (SIGCHLD) received from 28
2022/04/15 16:45:40 [notice] 1#1: worker process 28 exited with code 0
2022/04/15 16:45:40 [notice] 1#1: signal 29 (SIGIO) received
2022/04/15 16:45:40 [notice] 1#1: signal 17 (SIGCHLD) received from 26
2022/04/15 16:45:40 [notice] 1#1: worker process 26 exited with code 0
2022/04/15 16:45:40 [notice] 1#1: worker process 27 exited with code 0
2022/04/15 16:45:40 [notice] 1#1: signal 29 (SIGIO) received
2022/04/15 16:45:40 [notice] 1#1: signal 17 (SIGCHLD) received from 27
2022/04/15 16:45:40 [notice] 1#1: signal 17 (SIGCHLD) received from 24
2022/04/15 16:45:40 [notice] 1#1: worker process 23 exited with code 0
2022/04/15 16:45:40 [notice] 1#1: worker process 24 exited with code 0
2022/04/15 16:45:40 [notice] 1#1: worker process 25 exited with code 0
2022/04/15 16:45:40 [notice] 1#1: exit
2022/04/15 16:46:23 [notice] 1#1: using the "epoll" event method
2022/04/15 16:46:23 [notice] 1#1: nginx/1.21.6
2022/04/15 16:46:23 [notice] 1#1: built by gcc 10.2.1 20210110 (Debian 10.2.1-6) 
2022/04/15 16:46:23 [notice] 1#1: OS: Linux 5.10.16.3-microsoft-standard-WSL2
2022/04/15 16:46:23 [notice] 1#1: getrlimit(RLIMIT_NOFILE): 1048576:1048576
2022/04/15 16:46:23 [notice] 1#1: start worker processes
2022/04/15 16:46:23 [notice] 1#1: start worker process 22
2022/04/15 16:46:23 [notice] 1#1: start worker process 23
2022/04/15 16:46:23 [notice] 1#1: start worker process 24
2022/04/15 16:46:23 [notice] 1#1: start worker process 25
2022/04/15 16:46:23 [notice] 1#1: start worker process 26
2022/04/15 16:46:23 [notice] 1#1: start worker process 27
2022/04/15 16:46:23 [notice] 1#1: start worker process 28
2022/04/15 16:46:23 [notice] 1#1: start worker process 29
2022/04/15 16:46:23 [notice] 1#1: start worker process 30
2022/04/15 16:46:23 [notice] 1#1: start worker process 31
2022/04/15 16:46:23 [notice] 1#1: start worker process 32
2022/04/15 16:46:23 [notice] 1#1: start worker process 33
2022/04/18 09:44:37 [notice] 1#1: using the "epoll" event method
2022/04/18 09:44:37 [notice] 1#1: nginx/1.21.6
2022/04/18 09:44:37 [notice] 1#1: built by gcc 10.2.1 20210110 (Debian 10.2.1-6) 
2022/04/18 09:44:37 [notice] 1#1: OS: Linux 5.10.16.3-microsoft-standard-WSL2
2022/04/18 09:44:37 [notice] 1#1: getrlimit(RLIMIT_NOFILE): 1048576:1048576
2022/04/18 09:44:37 [notice] 1#1: start worker processes
2022/04/18 09:44:37 [notice] 1#1: start worker process 22
2022/04/18 09:44:37 [notice] 1#1: start worker process 23
2022/04/18 09:44:37 [notice] 1#1: start worker process 24
2022/04/18 09:44:37 [notice] 1#1: start worker process 25
2022/04/18 09:44:37 [notice] 1#1: start worker process 26
2022/04/18 09:44:37 [notice] 1#1: start worker process 27
2022/04/18 09:44:37 [notice] 1#1: start worker process 28
2022/04/18 09:44:37 [notice] 1#1: start worker process 29
2022/04/18 09:44:37 [notice] 1#1: start worker process 30
2022/04/18 09:44:37 [notice] 1#1: start worker process 31
2022/04/18 09:44:37 [notice] 1#1: start worker process 32
2022/04/18 09:44:37 [notice] 1#1: start worker process 33
2022/04/19 09:42:23 [notice] 1#1: using the "epoll" event method
2022/04/19 09:42:23 [notice] 1#1: nginx/1.21.6
2022/04/19 09:42:23 [notice] 1#1: built by gcc 10.2.1 20210110 (Debian 10.2.1-6) 
2022/04/19 09:42:23 [notice] 1#1: OS: Linux 5.10.16.3-microsoft-standard-WSL2
2022/04/19 09:42:23 [notice] 1#1: getrlimit(RLIMIT_NOFILE): 1048576:1048576
2022/04/19 09:42:23 [notice] 1#1: start worker processes
2022/04/19 09:42:23 [notice] 1#1: start worker process 22
2022/04/19 09:42:23 [notice] 1#1: start worker process 23
2022/04/19 09:42:23 [notice] 1#1: start worker process 24
2022/04/19 09:42:23 [notice] 1#1: start worker process 25
2022/04/19 09:42:23 [notice] 1#1: start worker process 26
2022/04/19 09:42:23 [notice] 1#1: start worker process 27
2022/04/19 09:42:23 [notice] 1#1: start worker process 28
2022/04/19 09:42:23 [notice] 1#1: start worker process 29
2022/04/19 09:42:23 [notice] 1#1: start worker process 30
2022/04/19 09:42:23 [notice] 1#1: start worker process 31
2022/04/19 09:42:23 [notice] 1#1: start worker process 32
2022/04/19 09:42:23 [notice] 1#1: start worker process 33
2022/04/21 09:55:15 [notice] 1#1: using the "epoll" event method
2022/04/21 09:55:15 [notice] 1#1: nginx/1.21.6
2022/04/21 09:55:15 [notice] 1#1: built by gcc 10.2.1 20210110 (Debian 10.2.1-6) 
2022/04/21 09:55:15 [notice] 1#1: OS: Linux 5.10.16.3-microsoft-standard-WSL2
2022/04/21 09:55:15 [notice] 1#1: getrlimit(RLIMIT_NOFILE): 1048576:1048576
2022/04/21 09:55:15 [notice] 1#1: start worker processes
2022/04/21 09:55:15 [notice] 1#1: start worker process 23
2022/04/21 09:55:15 [notice] 1#1: start worker process 24
2022/04/21 09:55:15 [notice] 1#1: start worker process 25
2022/04/21 09:55:15 [notice] 1#1: start worker process 26
2022/04/21 09:55:15 [notice] 1#1: start worker process 27
2022/04/21 09:55:15 [notice] 1#1: start worker process 28
2022/04/21 09:55:15 [notice] 1#1: start worker process 29
2022/04/21 09:55:15 [notice] 1#1: start worker process 30
2022/04/21 09:55:15 [notice] 1#1: start worker process 31
2022/04/21 09:55:15 [notice] 1#1: start worker process 32
2022/04/21 09:55:15 [notice] 1#1: start worker process 33
2022/04/21 09:55:15 [notice] 1#1: start worker process 34
2022/04/22 10:50:57 [notice] 1#1: using the "epoll" event method
2022/04/22 10:50:57 [notice] 1#1: nginx/1.21.6
2022/04/22 10:50:57 [notice] 1#1: built by gcc 10.2.1 20210110 (Debian 10.2.1-6) 
2022/04/22 10:50:57 [notice] 1#1: OS: Linux 5.10.16.3-microsoft-standard-WSL2
2022/04/22 10:50:57 [notice] 1#1: getrlimit(RLIMIT_NOFILE): 1048576:1048576
2022/04/22 10:50:57 [notice] 1#1: start worker processes
2022/04/22 10:50:57 [notice] 1#1: start worker process 23
2022/04/22 10:50:57 [notice] 1#1: start worker process 24
2022/04/22 10:50:57 [notice] 1#1: start worker process 25
2022/04/22 10:50:57 [notice] 1#1: start worker process 26
2022/04/22 10:50:57 [notice] 1#1: start worker process 27
2022/04/22 10:50:57 [notice] 1#1: start worker process 28
2022/04/22 10:50:57 [notice] 1#1: start worker process 29
2022/04/22 10:50:57 [notice] 1#1: start worker process 30
2022/04/22 10:50:57 [notice] 1#1: start worker process 31
2022/04/22 10:50:57 [notice] 1#1: start worker process 32
2022/04/22 10:50:57 [notice] 1#1: start worker process 33
2022/04/22 10:50:57 [notice] 1#1: start worker process 34
2022/04/25 09:58:42 [notice] 1#1: using the "epoll" event method
2022/04/25 09:58:42 [notice] 1#1: nginx/1.21.6
2022/04/25 09:58:42 [notice] 1#1: built by gcc 10.2.1 20210110 (Debian 10.2.1-6) 
2022/04/25 09:58:42 [notice] 1#1: OS: Linux 5.10.16.3-microsoft-standard-WSL2
2022/04/25 09:58:42 [notice] 1#1: getrlimit(RLIMIT_NOFILE): 1048576:1048576
2022/04/25 09:58:42 [notice] 1#1: start worker processes
2022/04/25 09:58:42 [notice] 1#1: start worker process 22
2022/04/25 09:58:42 [notice] 1#1: start worker process 23
2022/04/25 09:58:42 [notice] 1#1: start worker process 24
2022/04/25 09:58:42 [notice] 1#1: start worker process 25
2022/04/25 09:58:42 [notice] 1#1: start worker process 26
2022/04/25 09:58:42 [notice] 1#1: start worker process 27
2022/04/25 09:58:42 [notice] 1#1: start worker process 28
2022/04/25 09:58:42 [notice] 1#1: start worker process 29
2022/04/25 09:58:42 [notice] 1#1: start worker process 30
2022/04/25 09:58:42 [notice] 1#1: start worker process 31
2022/04/25 09:58:42 [notice] 1#1: start worker process 32
2022/04/25 09:58:42 [notice] 1#1: start worker process 33
2022/04/25 10:25:32 [error] 22#22: *140 FastCGI sent in stderr: "PHP message: An Error occurred while handling another error:
yii\web\HeadersAlreadySentException: Headers already sent in /var/www/html/modules/admin/controllers/AdminController.php on line 92. in /var/www/html/vendor/yiisoft/yii2/web/Response.php:368
Stack trace:
#0 /var/www/html/vendor/yiisoft/yii2/web/Response.php(341): yii\web\Response->sendHeaders()
#1 /var/www/html/vendor/yiisoft/yii2/web/ErrorHandler.php(136): yii\web\Response->send()
#2 /var/www/html/vendor/yiisoft/yii2/base/ErrorHandler.php(135): yii\web\ErrorHandler->renderException(Object(yii\web\HeadersAlreadySentException))
#3 [internal function]: yii\base\ErrorHandler->handleException(Object(yii\web\HeadersAlreadySentException))
#4 {main}
Previous exception:
yii\web\HeadersAlreadySentException: Headers already sent in /var/www/html/modules/admin/controllers/AdminController.php on line 92. in /var/www/html/vendor/yiisoft/yii2/web/Response.php:368
Stack trace:
#0 /var/www/html/vendor/yiisoft/yii2/web/Response.php(341): yii\web\Response->sendHeaders()
#1 /var/www/html/vendor/yiisoft/yii2/base/Application.php(390): yii\web\Response->send()
#2 /var/www/html/web/index.php(12): yii\base\Application->run()
#3 {main}
$_SERVER = [
    'HOME' => '/var/www',
    'PHP_IDE_CONFIG' => 'serverName=Docker',
    'VERSION_PRESTISSIMO_PLUGIN' => '^0.3.0',
    'PHP_MD5' => '',
    'PHP_URL' => 'https://www.php.net/get/php-7.4.4.tar.xz/from/this/mirror',
    'SUPERVISOR_GROUP_NAME' => 'php-fpm',
    'GPG_KEYS' => '42670A7FE4D0441C8E4632349E4FDC074A4EF02D 5A52880781F755608BF815FC910DEB46F53EA312',
    'PATH' => '/app:/app/vendor/bin:/root/.composer/vendor/bin:/usr/local/sbin:/usr/local/bin:/usr/sbin:/usr/bin:/sbin:/bin',
    'PHP_ENABLE_XDEBUG' => '0',
    'TERM' => 'linux',
    'SUPERVISOR_SERVER_URL' => 'unix:///var/run/supervisor.sock',
    'XDEBUG_CONFIG' => 'remote_host=host.docker.internal remote_enable=1',
    'SUPERVISOR_ENABLED' => '1',
    'PHP_CPPFLAGS' => '-fstack-protector-strong -fpic -fpie -O
2022/04/25 10:25:32 [error] 22#22: *140 FastCGI sent in stderr: "-user=www-data --with-fpm-group=www-data --disable-cgi',
    'VERSION_CODECEPTION' => '^2.2.6',
    'HOSTNAME' => 'b7aa3d07383d',
    'PWD' => '/var/www/html',
    'PHP_LDFLAGS' => '-Wl,-O1 -Wl,--hash-style=both -pie',
    'VERSION_YII2' => '^2.0.15',
    'PHP_ASC_URL' => 'https://www.php.net/get/php-7.4.4.tar.xz.asc/from/this/mirror',
    'USER' => 'www-data',
    'HTTP_COOKIE' => 'PHPSESSID=58a9d6c9e93219b91a5428105e489308; _identity=efc5d20fe7113aa7ef8cd56d2c2b9b326312ed08bab024f2554f5914919ffceba%3A2%3A%7Bi%3A0%3Bs%3A9%3A%22_identity%22%3Bi%3A1%3Bs%3A13%3A%22%5B6%2Cnull%2C3600%5D%22%3B%7D; _csrf=0fa2da3252d80dc80357d44252cef888c6ec9c333c8340c541fcf66d56b2581fa%3A2%3A%7Bi%3A0%3Bs%3A5%3A%22_csrf%22%3Bi%3A1%3Bs%3A32%3A%22VBrtKsMsiLxbXen___gWf9Rk7N2lGTLQ%22%3B%7D',
    'HTTP_ACCEPT_LANGUAGE' => 'ru-RU,ru;q=0.9,en-US;q=0.8,en;q=0.7',
    'HTTP_ACCEPT_ENCODING' => 'gzip, deflate, br',
    'HTTP_REFERER' => 'http://localhost/admin/admin/update-category?id=16',
    'HTTP_SEC_FETCH_DEST' => 'document',
    'HTTP_SEC_FETCH_USER' => '?1',
    'HTTP_SEC_FETCH_MODE' => 'navigate',
    'HTTP_SEC_FETCH_SITE' => 'same-origin',
    'HTTP_ACCEPT' => 'text/html,application/xhtml+xml,application/xml;q=0.9,image/avif,image/webp,image/apng,*/*;q=0.8,application/signed-exchange;v=b3;q=0.9',
    'HTTP_USER_AGENT' => 'Mozilla/5.0 (Windows NT 10.0; Win64; x64) AppleWebKit/537.36 (KHTML, like Gecko) Chrome/100.0.4896.127 Safari/537.36',
    'HTTP_CONTENT_TYPE' => 'application/x-www-form-urlencoded',
    'HTTP_ORIGIN' => 'http://localhost',
    'HTTP_UPGRADE_INSECURE_REQUESTS' => '1',
    'HTTP_SEC_CH_UA_PLATFORM' => '"Windows"',
    'HTTP_SEC_CH_UA_MOBILE' => '?0',
    'HTTP_SEC_CH_UA' => '" Not A;Brand";v="99", "Chromium";v="100", "Google Chrome";v="100"',
    'HTTP_CACHE_CONTROL' => 'max-age=0',
    'HTTP_CONTENT_LENGTH' => '160',
    'HTTP_CONNECTION' => 'keep-alive',
    'HTTP_HOST' => 'localhost',
    'SCRIPT_FILENAME' => '/var/www/html/web/index.php',
    'REDIRECT
2022/04/25 10:26:25 [error] 22#22: *140 FastCGI sent in stderr: "PHP message: An Error occurred while handling another error:
yii\web\HeadersAlreadySentException: Headers already sent in /var/www/html/modules/admin/controllers/AdminController.php on line 92. in /var/www/html/vendor/yiisoft/yii2/web/Response.php:368
Stack trace:
#0 /var/www/html/vendor/yiisoft/yii2/web/Response.php(341): yii\web\Response->sendHeaders()
#1 /var/www/html/vendor/yiisoft/yii2/web/ErrorHandler.php(136): yii\web\Response->send()
#2 /var/www/html/vendor/yiisoft/yii2/base/ErrorHandler.php(135): yii\web\ErrorHandler->renderException(Object(yii\web\HeadersAlreadySentException))
#3 [internal function]: yii\base\ErrorHandler->handleException(Object(yii\web\HeadersAlreadySentException))
#4 {main}
Previous exception:
yii\web\HeadersAlreadySentException: Headers already sent in /var/www/html/modules/admin/controllers/AdminController.php on line 92. in /var/www/html/vendor/yiisoft/yii2/web/Response.php:368
Stack trace:
#0 /var/www/html/vendor/yiisoft/yii2/web/Response.php(341): yii\web\Response->sendHeaders()
#1 /var/www/html/vendor/yiisoft/yii2/base/Application.php(390): yii\web\Response->send()
#2 /var/www/html/web/index.php(12): yii\base\Application->run()
#3 {main}
$_SERVER = [
    'HOME' => '/var/www',
    'PHP_IDE_CONFIG' => 'serverName=Docker',
    'VERSION_PRESTISSIMO_PLUGIN' => '^0.3.0',
    'PHP_MD5' => '',
    'PHP_URL' => 'https://www.php.net/get/php-7.4.4.tar.xz/from/this/mirror',
    'SUPERVISOR_GROUP_NAME' => 'php-fpm',
    'GPG_KEYS' => '42670A7FE4D0441C8E4632349E4FDC074A4EF02D 5A52880781F755608BF815FC910DEB46F53EA312',
    'PATH' => '/app:/app/vendor/bin:/root/.composer/vendor/bin:/usr/local/sbin:/usr/local/bin:/usr/sbin:/usr/bin:/sbin:/bin',
    'PHP_ENABLE_XDEBUG' => '0',
    'TERM' => 'linux',
    'SUPERVISOR_SERVER_URL' => 'unix:///var/run/supervisor.sock',
    'XDEBUG_CONFIG' => 'remote_host=host.docker.internal remote_enable=1',
    'SUPERVISOR_ENABLED' => '1',
    'PHP_CPPFLAGS' => '-fstack-protector-strong -fpic -fpie -O
2022/04/25 10:26:25 [error] 22#22: *140 FastCGI sent in stderr: "-user=www-data --with-fpm-group=www-data --disable-cgi',
    'VERSION_CODECEPTION' => '^2.2.6',
    'HOSTNAME' => 'b7aa3d07383d',
    'PWD' => '/var/www/html',
    'PHP_LDFLAGS' => '-Wl,-O1 -Wl,--hash-style=both -pie',
    'VERSION_YII2' => '^2.0.15',
    'PHP_ASC_URL' => 'https://www.php.net/get/php-7.4.4.tar.xz.asc/from/this/mirror',
    'USER' => 'www-data',
    'HTTP_COOKIE' => 'PHPSESSID=58a9d6c9e93219b91a5428105e489308; _identity=efc5d20fe7113aa7ef8cd56d2c2b9b326312ed08bab024f2554f5914919ffceba%3A2%3A%7Bi%3A0%3Bs%3A9%3A%22_identity%22%3Bi%3A1%3Bs%3A13%3A%22%5B6%2Cnull%2C3600%5D%22%3B%7D; _csrf=0fa2da3252d80dc80357d44252cef888c6ec9c333c8340c541fcf66d56b2581fa%3A2%3A%7Bi%3A0%3Bs%3A5%3A%22_csrf%22%3Bi%3A1%3Bs%3A32%3A%22VBrtKsMsiLxbXen___gWf9Rk7N2lGTLQ%22%3B%7D',
    'HTTP_ACCEPT_LANGUAGE' => 'ru-RU,ru;q=0.9,en-US;q=0.8,en;q=0.7',
    'HTTP_ACCEPT_ENCODING' => 'gzip, deflate, br',
    'HTTP_REFERER' => 'http://localhost/admin/admin/update-category?id=16',
    'HTTP_SEC_FETCH_DEST' => 'document',
    'HTTP_SEC_FETCH_USER' => '?1',
    'HTTP_SEC_FETCH_MODE' => 'navigate',
    'HTTP_SEC_FETCH_SITE' => 'same-origin',
    'HTTP_ACCEPT' => 'text/html,application/xhtml+xml,application/xml;q=0.9,image/avif,image/webp,image/apng,*/*;q=0.8,application/signed-exchange;v=b3;q=0.9',
    'HTTP_USER_AGENT' => 'Mozilla/5.0 (Windows NT 10.0; Win64; x64) AppleWebKit/537.36 (KHTML, like Gecko) Chrome/100.0.4896.127 Safari/537.36',
    'HTTP_CONTENT_TYPE' => 'application/x-www-form-urlencoded',
    'HTTP_ORIGIN' => 'http://localhost',
    'HTTP_UPGRADE_INSECURE_REQUESTS' => '1',
    'HTTP_SEC_CH_UA_PLATFORM' => '"Windows"',
    'HTTP_SEC_CH_UA_MOBILE' => '?0',
    'HTTP_SEC_CH_UA' => '" Not A;Brand";v="99", "Chromium";v="100", "Google Chrome";v="100"',
    'HTTP_CACHE_CONTROL' => 'max-age=0',
    'HTTP_CONTENT_LENGTH' => '160',
    'HTTP_CONNECTION' => 'keep-alive',
    'HTTP_HOST' => 'localhost',
    'SCRIPT_FILENAME' => '/var/www/html/web/index.php',
    'REDIRECT
2022/04/25 10:26:35 [error] 22#22: *140 FastCGI sent in stderr: "PHP message: An Error occurred while handling another error:
yii\web\HeadersAlreadySentException: Headers already sent in /var/www/html/modules/admin/controllers/AdminController.php on line 92. in /var/www/html/vendor/yiisoft/yii2/web/Response.php:368
Stack trace:
#0 /var/www/html/vendor/yiisoft/yii2/web/Response.php(341): yii\web\Response->s" while reading upstream, client: 192.168.220.1, server: _ls, request: "POST /admin/admin/update-category?id=16 HTTP/1.1", upstream: "fastcgi://192.168.220.3:9000", host: "localhost", referrer: "http://localhost/admin/admin/update-category?id=16"
2022/04/25 10:26:35 [error] 22#22: *140 FastCGI sent in stderr: "endHeaders()
#1 /var/www/html/vendor/yiisoft/yii2/web/ErrorHandler.php(136): yii\web\Response->send()
#2 /var/www/html/vendor/yiisoft/yii2/base/ErrorHandler.php(135): yii\web\ErrorHandler->renderException(Object(yii\web\HeadersAlreadySentException))
#3 [internal function]: yii\base\ErrorHandler->handleException(Object(yii\web\HeadersAlreadySentException))
#4 {main}
Previous exception:
yii\web\HeadersAlreadySentException: Headers already sent in /var/www/html/modules/admin/controllers/AdminController.php on line 92. in /var/www/html/vendor/yiisoft/yii2/web/Response.php:368
Stack trace:
#0 /var/www/html/vendor/yiisoft/yii2/web/Response.php(341): yii\web\Response->sendHeaders()
#1 /var/www/html/vendor/yiisoft/yii2/base/Application.php(390): yii\web\Response->send()
#2 /var/www/html/web/index.php(12): yii\base\Application->run()
#3 {main}
$_SERVER = [
    'HOME' => '/var/www',
    'PHP_IDE_CONFIG' => 'serverName=Docker',
    'VERSION_PRESTISSIMO_PLUGIN' => '^0.3.0',
    'PHP_MD5' => '',
    'PHP_URL' => 'https://www.php.net/get/php-7.4.4.tar.xz/from/this/mirror',
    'SUPERVISOR_GROUP_NAME' => 'php-fpm',
    'GPG_KEYS' => '42670A7FE4D0441C8E4632349E4FDC074A4EF02D 5A52880781F755608BF815FC910DEB46F53EA312',
    'PATH' => '/app:/app/vendor/bin:/root/.composer/vendor/bin:/usr/local/sbin:/usr/local/bin:/usr/sbin:/usr/bin:/sbin:/bin',
    'PHP_ENABLE_XDEBUG' => '0',
    'TERM' => 'linux',
    'SUPERVISOR_SERVER_URL' => 'unix:///var/run/supervisor.sock',
    'XDEBUG_CONFIG' => 'remote_host=host.docker.internal remote_enable=1',
    'SUPERVISOR_ENABLED' => '1',
    'PHP_CPPFLAGS' => '-fstack-protector-strong -fpic -fpie -O2 -D_LARGEFILE_SOURCE -D_FILE_OFFSET_BITS=64',
    'PHP_SHA256' => '1873c4cefdd3df9a78dcffb2198bba5c2f0464f55c9c960720c84df483fca74c',
    'PHP_USER_ID' => '33',
    'PHP_VERSION' => '7.4.4',
    'PHPIZE_DEPS' => 'autoconf 		dpkg-dev 		file 		g++ 		gcc 		libc-dev 		make 		pkg-config 		re2c',
    'VERSION_COMPOSER_ASSET_PLUGIN' => '^1.4.4',
  
2022/04/25 10:26:35 [error] 22#22: *140 FastCGI sent in stderr: " 'HTTP_CACHE_CONTROL' => 'max-age=0',
    'HTTP_CONTENT_LENGTH' => '160',
    'HTTP_CONNECTION' => 'keep-alive',
    'HTTP_HOST' => 'localhost',
    'SCRIPT_FILENAME' => '/var/www/html/web/index.php',
    'REDIRECT_STATUS' => '200',
    'SERVER_NAME' => '_ls',
    'SERVER_PORT' => '80',
    'SERVER_ADDR' => '192.168.220.4',
    'REMOTE_PORT' => '54636',
    'REMOTE_ADDR' => '192.168.220.1',
    'SERVER_SOFTWARE' => 'nginx/1.21.6',
    'GATEWAY_INTERFACE' => 'CGI/1.1',
    'REQUEST_SCHEME' => 'http',
    'SERVER_PROTOCOL' => 'HTTP/1.1',
    'DOCUMENT_ROOT' => '/var/www/html/web',
    'DOCUMENT_URI' => '/index.php',
    'REQUEST_URI' => '/admin/admin/update-category?id=16',
    'SCRIPT_NAME' => '/index.php',
    'CONTENT_LENGTH' => '160',
    'CONTENT_TYPE' => 'application/x-www-form-urlencoded',
    'REQUEST_METHOD' => 'POST',
    'QUERY_STRING' => 'id=16',
    'FCGI_ROLE' => 'RESPONDER',
    'PHP_SELF' => '/index.php',
    'REQUEST_TIME_FLOAT' => 1650882394.614269,
    'REQUEST_TIME' => 1650882394,
    'argv' => [
        'id=16',
    ],
    'argc' => 1,
]" while reading upstream, client: 192.168.220.1, server: _ls, request: "POST /admin/admin/update-category?id=16 HTTP/1.1", upstream: "fastcgi://192.168.220.3:9000", host: "localhost", referrer: "http://localhost/admin/admin/update-category?id=16"
2022/04/25 10:26:55 [error] 22#22: *140 FastCGI sent in stderr: "PHP message: An Error occurred while handling another error:
yii\web\HeadersAlreadySentException: Headers already sent in /var/www/html/modules/admin/controllers/AdminController.php on line 92. in /var/www/html/vendor/yiisoft/yii2/web/Response.php:368
Stack trace:
#0 /var/www/html/vendor/yiisoft/yii2/web/Response.php(341): yii\web\Response->sendHeaders()
#1 /var/www/html/vendor/yiisoft/yii2/web/ErrorHandler.php(136): yii\web\Response->send()
#2 /var/www/html/vendor/yiisoft/yii2/base/ErrorHandler.php(135): yii\web\ErrorHandler->renderException(Object(yii\web\HeadersAlreadySentException))
#3 [internal function]: yii\base\ErrorHandler->handleException(Object(yii\web\HeadersAlreadySentException))
#4 {main}
Previous exception:
yii\web\HeadersAlreadySentException: Headers already sent in /var/www/html/modules/admin/controllers/AdminController.php on line 92. in /var/www/html/vendor/yiisoft/yii2/web/Response.php:368
Stack trace:
#0 /var/www/html/vendor/yiisoft/yii2/web/Response.php(341): yii\web\Response->sendHeaders()
#1 /var/www/html/vendor/yiisoft/yii2/base/Application.php(390): yii\web\Response->send()
#2 /var/www/html/web/index.php(12): yii\base\Application->run()
#3 {main}
$_SERVER = [
    'HOME' => '/var/www',
    'PHP_IDE_CONFIG' => 'serverName=Docker',
    'VERSION_PRESTISSIMO_PLUGIN' => '^0.3.0',
    'PHP_MD5' => '',
    'PHP_URL' => 'https://www.php.net/get/php-7.4.4.tar.xz/from/this/mirror',
    'SUPERVISOR_GROUP_NAME' => 'php-fpm',
    'GPG_KEYS' => '42670A7FE4D0441C8E4632349E4FDC074A4EF02D 5A52880781F755608BF815FC910DEB46F53EA312',
    'PATH' => '/app:/app/vendor/bin:/root/.composer/vendor/bin:/usr/local/sbin:/usr/local/bin:/usr/sbin:/usr/bin:/sbin:/bin',
    'PHP_ENABLE_XDEBUG' => '0',
    'TERM' => 'linux',
    'SUPERVISOR_SERVER_URL' => 'unix:///var/run/supervisor.sock',
    'XDEBUG_CONFIG' => 'remote_host=host.docker.internal remote_enable=1',
    'SUPERVISOR_ENABLED' => '1',
    'PHP_CPPFLAGS' => '-fstack-protector-strong -fpic -fpie -O
2022/04/25 10:26:55 [error] 22#22: *140 FastCGI sent in stderr: "TCH_MODE' => 'navigate',
    'HTTP_SEC_FETCH_SITE' => 'same-origin',
    'HTTP_ACCEPT' => 'text/html,application/xhtml+xml,application/xml;q=0.9,image/avif,image/webp,image/apng,*/*;q=0.8,application/signed-exchange;v=b3;q=0.9',
    'HTTP_CONTENT_TYPE' => 'application/x-www-form-urlencoded',
    'HTTP_ORIGIN' => 'http://localhost',
    'HTTP_USER_AGENT' => 'Mozilla/5.0 (Windows NT 10.0; Win64; x64) AppleWebKit/537.36 (KHTML, like Gecko) Chrome/100.0.4896.127 Safari/537.36',
    'HTTP_UPGRADE_INSECURE_REQUESTS' => '1',
    'HTTP_SEC_CH_UA_PLATFORM' => '"Windows"',
    'HTTP_SEC_CH_UA_MOBILE' => '?0',
    'HTTP_SEC_CH_UA' => '" Not A;Brand";v="99", "Chromium";v="100", "Google Chrome";v="100"',
    'HTTP_CACHE_CONTROL' => 'max-age=0',
    'HTTP_CONTENT_LENGTH' => '160',
    'HTTP_CONNECTION' => 'keep-alive',
    'HTTP_HOST' => 'localhost',
    'SCRIPT_FILENAME' => '/var/www/html/web/index.php',
    'REDIRECT_STATUS' => '200',
    'SERVER_NAME' => '_ls',
    'SERVER_PORT' => '80',
    'SERVER_ADDR' => '192.168.220.4',
    'REMOTE_PORT' => '54636',
    'REMOTE_ADDR' => '192.168.220.1',
    'SERVER_SOFTWARE' => 'nginx/1.21.6',
    'GATEWAY_INTERFACE' => 'CGI/1.1',
    'REQUEST_SCHEME' => 'http',
    'SERVER_PROTOCOL' => 'HTTP/1.1',
    'DOCUMENT_ROOT' => '/var/www/html/web',
    'DOCUMENT_URI' => '/index.php',
    'REQUEST_URI' => '/admin/admin/update-category?id=16',
    'SCRIPT_NAME' => '/index.php',
    'CONTENT_LENGTH' => '160',
    'CONTENT_TYPE' => 'application/x-www-form-urlencoded',
    'REQUEST_METHOD' => 'POST',
    'QUERY_STRING' => 'id=16',
    'FCGI_ROLE' => 'RESPONDER',
    'PHP_SELF' => '/index.php',
    'REQUEST_TIME_FLOAT' => 1650882414.508061,
    'REQUEST_TIME' => 1650882414,
    'argv' => [
        'id=16',
    ],
    'argc' => 1,
]" while reading upstream, client: 192.168.220.1, server: _ls, request: "POST /admin/admin/update-category?id=16 HTTP/1.1", upstream: "fastcgi://192.168.220.3:9000", host: "localhost", referrer: "http://loca
2022/04/26 10:36:38 [notice] 1#1: using the "epoll" event method
2022/04/26 10:36:38 [notice] 1#1: nginx/1.21.6
2022/04/26 10:36:38 [notice] 1#1: built by gcc 10.2.1 20210110 (Debian 10.2.1-6) 
2022/04/26 10:36:38 [notice] 1#1: OS: Linux 5.10.16.3-microsoft-standard-WSL2
2022/04/26 10:36:38 [notice] 1#1: getrlimit(RLIMIT_NOFILE): 1048576:1048576
2022/04/26 10:36:38 [notice] 1#1: start worker processes
2022/04/26 10:36:38 [notice] 1#1: start worker process 23
2022/04/26 10:36:38 [notice] 1#1: start worker process 24
2022/04/26 10:36:38 [notice] 1#1: start worker process 25
2022/04/26 10:36:38 [notice] 1#1: start worker process 26
2022/04/26 10:36:38 [notice] 1#1: start worker process 27
2022/04/26 10:36:38 [notice] 1#1: start worker process 28
2022/04/26 10:36:38 [notice] 1#1: start worker process 29
2022/04/26 10:36:38 [notice] 1#1: start worker process 30
2022/04/26 10:36:38 [notice] 1#1: start worker process 31
2022/04/26 10:36:38 [notice] 1#1: start worker process 32
2022/04/26 10:36:38 [notice] 1#1: start worker process 33
2022/04/26 10:36:38 [notice] 1#1: start worker process 34
2022/04/26 15:48:21 [error] 27#27: *472 FastCGI sent in stderr: "PHP message: An Error occurred while handling another error:
yii\web\HeadersAlreadySentException: Headers already sent in /var/www/html/modules/admin/controllers/AdminController.php on line 151. in /var/www/html/vendor/yiisoft/yii2/web/Response.php:368
Stack trace:
#0 /var/www/html/vendor/yiisoft/yii2/web/Response.php(341): yii\web\Response->sendHeaders()
#1 /var/www/html/vendor/yiisoft/yii2/web/ErrorHandler.php(136): yii\web\Response->send()
#2 /var/www/html/vendor/yiisoft/yii2/base/ErrorHandler.php(135): yii\web\ErrorHandler->renderException(Object(yii\web\HeadersAlreadySentException))
#3 [internal function]: yii\base\ErrorHandler->handleException(Object(yii\web\HeadersAlreadySentException))
#4 {main}
Previous exception:
yii\web\HeadersAlreadySentException: Headers already sent in /var/www/html/modules/admin/controllers/AdminController.php on" while reading upstream, client: 192.168.220.1, server: _ls, request: "POST /admin/admin/change-user?id=20 HTTP/1.1", upstream: "fastcgi://192.168.220.2:9000", host: "localhost", referrer: "http://localhost/admin/admin/change-user?id=20"
2022/04/26 15:48:21 [error] 27#27: *472 FastCGI sent in stderr: " line 151. in /var/www/html/vendor/yiisoft/yii2/web/Response.php:368
Stack trace:
#0 /var/www/html/vendor/yiisoft/yii2/web/Response.php(341): yii\web\Response->sendHeaders()
#1 /var/www/html/vendor/yiisoft/yii2/base/Application.php(390): yii\web\Response->send()
#2 /var/www/html/web/index.php(12): yii\base\Application->run()
#3 {main}
$_SERVER = [
    'HOME' => '/var/www',
    'PHP_IDE_CONFIG' => 'serverName=Docker',
    'VERSION_PRESTISSIMO_PLUGIN' => '^0.3.0',
    'PHP_MD5' => '',
    'PHP_URL' => 'https://www.php.net/get/php-7.4.4.tar.xz/from/this/mirror',
    'SUPERVISOR_GROUP_NAME' => 'php-fpm',
    'GPG_KEYS' => '42670A7FE4D0441C8E4632349E4FDC074A4EF02D 5A52880781F755608BF815FC910DEB46F53EA312',
    'PATH' => '/app:/app/vendor/bin:/root/.composer/vendor/bin:/usr/local/sbin:/usr/local/bin:/usr/sbin:/usr/bin:/sbin:/bin',
    'PHP_ENABLE_XDEBUG' => '0',
    'TERM' => 'linux',
    'SUPERVISOR_SERVER_URL' => 'unix:///var/run/supervisor.sock',
    'XDEBUG_CONFIG' => 'remote_host=host.docker.internal remote_enable=1',
    'SUPERVISOR_ENABLED' => '1',
    'PHP_CPPFLAGS' => '-fstack-protector-strong -fpic -fpie -O2 -D_LARGEFILE_SOURCE -D_FILE_OFFSET_BITS=64',
    'PHP_SHA256' => '1873c4cefdd3df9a78dcffb2198bba5c2f0464f55c9c960720c84df483fca74c',
    'PHP_USER_ID' => '33',
    'PHP_VERSION' => '7.4.4',
    'PHPIZE_DEPS' => 'autoconf 		dpkg-dev 		file 		g++ 		gcc 		libc-dev 		make 		pkg-config 		re2c',
    'VERSION_COMPOSER_ASSET_PLUGIN' => '^1.4.4',
    'COMPOSER_ALLOW_SUPERUSER' => '1',
    'VERSION_COMPOSER_MERGE_PLUGIN' => '^1.4.1',
    'SUPERVISOR_PROCESS_NAME' => 'php-fpm',
    'PHP_INI_DIR' => '/usr/local/etc/php',
    'PHP_CFLAGS' => '-fstack-protector-strong -fpic -fpie -O2 -D_LARGEFILE_SOURCE -D_FILE_OFFSET_BITS=64',
    'PHP_EXTRA_CONFIGURE_ARGS' => '--enable-fpm --with-fpm-user=www-data --with-fpm-group=www-data --disable-cgi',
    'VERSION_CODECEPTION' => '^2.2.6',
    'HOSTNAME' => 'b7aa3d07383d',
    'PWD' => '/var/www/html',
    'PHP_LDF
2022/04/26 15:48:21 [error] 27#27: *472 FastCGI sent in stderr: "OCOL' => 'HTTP/1.1',
    'DOCUMENT_ROOT' => '/var/www/html/web',
    'DOCUMENT_URI' => '/index.php',
    'REQUEST_URI' => '/admin/admin/change-user?id=20',
    'SCRIPT_NAME' => '/index.php',
    'CONTENT_LENGTH' => '362',
    'CONTENT_TYPE' => 'application/x-www-form-urlencoded',
    'REQUEST_METHOD' => 'POST',
    'QUERY_STRING' => 'id=20',
    'FCGI_ROLE' => 'RESPONDER',
    'PHP_SELF' => '/index.php',
    'REQUEST_TIME_FLOAT' => 1650988099.411433,
    'REQUEST_TIME' => 1650988099,
    'argv' => [
        'id=20',
    ],
    'argc' => 1,
]" while reading upstream, client: 192.168.220.1, server: _ls, request: "POST /admin/admin/change-user?id=20 HTTP/1.1", upstream: "fastcgi://192.168.220.2:9000", host: "localhost", referrer: "http://localhost/admin/admin/change-user?id=20"
2022/04/27 12:37:58 [notice] 1#1: using the "epoll" event method
2022/04/27 12:37:58 [notice] 1#1: nginx/1.21.6
2022/04/27 12:37:58 [notice] 1#1: built by gcc 10.2.1 20210110 (Debian 10.2.1-6) 
2022/04/27 12:37:58 [notice] 1#1: OS: Linux 5.10.16.3-microsoft-standard-WSL2
2022/04/27 12:37:58 [notice] 1#1: getrlimit(RLIMIT_NOFILE): 1048576:1048576
2022/04/27 12:37:58 [notice] 1#1: start worker processes
2022/04/27 12:37:58 [notice] 1#1: start worker process 23
2022/04/27 12:37:58 [notice] 1#1: start worker process 24
2022/04/27 12:37:58 [notice] 1#1: start worker process 25
2022/04/27 12:37:58 [notice] 1#1: start worker process 26
2022/04/27 12:37:58 [notice] 1#1: start worker process 27
2022/04/27 12:37:58 [notice] 1#1: start worker process 28
2022/04/27 12:37:58 [notice] 1#1: start worker process 29
2022/04/27 12:37:58 [notice] 1#1: start worker process 30
2022/04/27 12:37:58 [notice] 1#1: start worker process 31
2022/04/27 12:37:58 [notice] 1#1: start worker process 32
2022/04/27 12:37:58 [notice] 1#1: start worker process 33
2022/04/27 12:37:58 [notice] 1#1: start worker process 34
2022/04/29 11:42:35 [notice] 1#1: using the "epoll" event method
2022/04/29 11:42:35 [notice] 1#1: nginx/1.21.6
2022/04/29 11:42:35 [notice] 1#1: built by gcc 10.2.1 20210110 (Debian 10.2.1-6) 
2022/04/29 11:42:35 [notice] 1#1: OS: Linux 5.10.16.3-microsoft-standard-WSL2
2022/04/29 11:42:35 [notice] 1#1: getrlimit(RLIMIT_NOFILE): 1048576:1048576
2022/04/29 11:42:35 [notice] 1#1: start worker processes
2022/04/29 11:42:35 [notice] 1#1: start worker process 23
2022/04/29 11:42:35 [notice] 1#1: start worker process 24
2022/04/29 11:42:35 [notice] 1#1: start worker process 25
2022/04/29 11:42:35 [notice] 1#1: start worker process 26
2022/04/29 11:42:35 [notice] 1#1: start worker process 27
2022/04/29 11:42:35 [notice] 1#1: start worker process 28
2022/04/29 11:42:35 [notice] 1#1: start worker process 29
2022/04/29 11:42:35 [notice] 1#1: start worker process 30
2022/04/29 11:42:35 [notice] 1#1: start worker process 31
2022/04/29 11:42:35 [notice] 1#1: start worker process 32
2022/04/29 11:42:35 [notice] 1#1: start worker process 33
2022/04/29 11:42:35 [notice] 1#1: start worker process 34
2022/05/04 10:37:54 [notice] 1#1: using the "epoll" event method
2022/05/04 10:37:54 [notice] 1#1: nginx/1.21.6
2022/05/04 10:37:54 [notice] 1#1: built by gcc 10.2.1 20210110 (Debian 10.2.1-6) 
2022/05/04 10:37:54 [notice] 1#1: OS: Linux 5.10.16.3-microsoft-standard-WSL2
2022/05/04 10:37:54 [notice] 1#1: getrlimit(RLIMIT_NOFILE): 1048576:1048576
2022/05/04 10:37:54 [notice] 1#1: start worker processes
2022/05/04 10:37:54 [notice] 1#1: start worker process 23
2022/05/04 10:37:54 [notice] 1#1: start worker process 24
2022/05/04 10:37:54 [notice] 1#1: start worker process 25
2022/05/04 10:37:54 [notice] 1#1: start worker process 26
2022/05/04 10:37:54 [notice] 1#1: start worker process 27
2022/05/04 10:37:54 [notice] 1#1: start worker process 28
2022/05/04 10:37:54 [notice] 1#1: start worker process 29
2022/05/04 10:37:54 [notice] 1#1: start worker process 30
2022/05/04 10:37:54 [notice] 1#1: start worker process 31
2022/05/04 10:37:54 [notice] 1#1: start worker process 32
2022/05/04 10:37:54 [notice] 1#1: start worker process 33
2022/05/04 10:37:54 [notice] 1#1: start worker process 34
2022/05/04 10:38:07 [notice] 1#1: signal 3 (SIGQUIT) received, shutting down
2022/05/04 10:38:07 [notice] 24#24: gracefully shutting down
2022/05/04 10:38:07 [notice] 34#34: gracefully shutting down
2022/05/04 10:38:07 [notice] 23#23: gracefully shutting down
2022/05/04 10:38:07 [notice] 25#25: gracefully shutting down
2022/05/04 10:38:07 [notice] 25#25: exiting
2022/05/04 10:38:07 [notice] 26#26: gracefully shutting down
2022/05/04 10:38:07 [notice] 26#26: exiting
2022/05/04 10:38:07 [notice] 27#27: gracefully shutting down
2022/05/04 10:38:07 [notice] 28#28: gracefully shutting down
2022/05/04 10:38:07 [notice] 30#30: gracefully shutting down
2022/05/04 10:38:07 [notice] 29#29: gracefully shutting down
2022/05/04 10:38:07 [notice] 31#31: gracefully shutting down
2022/05/04 10:38:07 [notice] 33#33: gracefully shutting down
2022/05/04 10:38:07 [notice] 32#32: gracefully shutting down
2022/05/04 10:38:07 [notice] 24#24: exiting
2022/05/04 10:38:07 [notice] 34#34: exiting
2022/05/04 10:38:07 [notice] 23#23: exiting
2022/05/04 10:38:07 [notice] 25#25: exit
2022/05/04 10:38:07 [notice] 26#26: exit
2022/05/04 10:38:07 [notice] 27#27: exiting
2022/05/04 10:38:07 [notice] 28#28: exiting
2022/05/04 10:38:07 [notice] 30#30: exiting
2022/05/04 10:38:07 [notice] 29#29: exiting
2022/05/04 10:38:07 [notice] 31#31: exiting
2022/05/04 10:38:07 [notice] 33#33: exiting
2022/05/04 10:38:07 [notice] 32#32: exiting
2022/05/04 10:38:07 [notice] 24#24: exit
2022/05/04 10:38:07 [notice] 34#34: exit
2022/05/04 10:38:07 [notice] 23#23: exit
2022/05/04 10:38:07 [notice] 27#27: exit
2022/05/04 10:38:07 [notice] 28#28: exit
2022/05/04 10:38:07 [notice] 30#30: exit
2022/05/04 10:38:07 [notice] 29#29: exit
2022/05/04 10:38:07 [notice] 31#31: exit
2022/05/04 10:38:07 [notice] 33#33: exit
2022/05/04 10:38:07 [notice] 32#32: exit
2022/05/04 10:38:07 [notice] 1#1: signal 17 (SIGCHLD) received from 29
2022/05/04 10:38:07 [notice] 1#1: worker process 29 exited with code 0
2022/05/04 10:38:07 [notice] 1#1: signal 29 (SIGIO) received
2022/05/04 10:38:07 [notice] 1#1: signal 17 (SIGCHLD) received from 28
2022/05/04 10:38:07 [notice] 1#1: worker process 23 exited with code 0
2022/05/04 10:38:07 [notice] 1#1: worker process 28 exited with code 0
2022/05/04 10:38:07 [notice] 1#1: worker process 32 exited with code 0
2022/05/04 10:38:07 [notice] 1#1: worker process 33 exited with code 0
2022/05/04 10:38:07 [notice] 1#1: signal 29 (SIGIO) received
2022/05/04 10:38:07 [notice] 1#1: signal 17 (SIGCHLD) received from 23
2022/05/04 10:38:07 [notice] 1#1: signal 17 (SIGCHLD) received from 24
2022/05/04 10:38:07 [notice] 1#1: worker process 24 exited with code 0
2022/05/04 10:38:07 [notice] 1#1: worker process 30 exited with code 0
2022/05/04 10:38:07 [notice] 1#1: signal 29 (SIGIO) received
2022/05/04 10:38:07 [notice] 1#1: signal 17 (SIGCHLD) received from 26
2022/05/04 10:38:07 [notice] 1#1: worker process 26 exited with code 0
2022/05/04 10:38:07 [notice] 1#1: signal 29 (SIGIO) received
2022/05/04 10:38:07 [notice] 1#1: signal 17 (SIGCHLD) received from 25
2022/05/04 10:38:07 [notice] 1#1: worker process 25 exited with code 0
2022/05/04 10:38:07 [notice] 1#1: signal 29 (SIGIO) received
2022/05/04 10:38:07 [notice] 1#1: signal 17 (SIGCHLD) received from 34
2022/05/04 10:38:07 [notice] 1#1: worker process 31 exited with code 0
2022/05/04 10:38:07 [notice] 1#1: worker process 34 exited with code 0
2022/05/04 10:38:07 [notice] 1#1: signal 29 (SIGIO) received
2022/05/04 10:38:07 [notice] 1#1: signal 17 (SIGCHLD) received from 27
2022/05/04 10:38:07 [notice] 1#1: worker process 27 exited with code 0
2022/05/04 10:38:07 [notice] 1#1: exit
2022/05/04 10:38:24 [notice] 1#1: using the "epoll" event method
2022/05/04 10:38:24 [notice] 1#1: nginx/1.21.6
2022/05/04 10:38:24 [notice] 1#1: built by gcc 10.2.1 20210110 (Debian 10.2.1-6) 
2022/05/04 10:38:24 [notice] 1#1: OS: Linux 5.10.16.3-microsoft-standard-WSL2
2022/05/04 10:38:24 [notice] 1#1: getrlimit(RLIMIT_NOFILE): 1048576:1048576
2022/05/04 10:38:24 [notice] 1#1: start worker processes
2022/05/04 10:38:24 [notice] 1#1: start worker process 22
2022/05/04 10:38:24 [notice] 1#1: start worker process 23
2022/05/04 10:38:24 [notice] 1#1: start worker process 24
2022/05/04 10:38:24 [notice] 1#1: start worker process 25
2022/05/04 10:38:24 [notice] 1#1: start worker process 26
2022/05/04 10:38:24 [notice] 1#1: start worker process 27
2022/05/04 10:38:24 [notice] 1#1: start worker process 28
2022/05/04 10:38:24 [notice] 1#1: start worker process 29
2022/05/04 10:38:24 [notice] 1#1: start worker process 30
2022/05/04 10:38:24 [notice] 1#1: start worker process 31
2022/05/04 10:38:24 [notice] 1#1: start worker process 32
2022/05/04 10:38:24 [notice] 1#1: start worker process 33
2022/05/04 11:57:16 [error] 24#24: *79 FastCGI sent in stderr: "PHP message: An Error occurred while handling another error:
yii\web\HeadersAlreadySentException: Headers already sent in /var/www/html/modules/manager/controllers/ManagerController.php on line 43. in /var/www/html/vendor/yiisoft/yii2/web/Response.php:368
Stack trace:
#0 /var/www/html/vendor/yiisoft/yii2/web/Response.php(341): yii\web\Response->sendHeaders()
#1 /var/www/html/vendor/yiisoft/yii2/web/ErrorHandler.php(136): yii\web\Response->send()
#2 /var/www/html/vendor/yiisoft/yii2/base/ErrorHandler.php(135): yii\web\ErrorHandler->renderException(Object(yii\web\HeadersAlreadySentException))
#3 [internal function]: yii\base\ErrorHandler->handleException(Object(yii\web\HeadersAlreadySentException))
#4 {main}
Previous exception:
yii\web\HeadersAlreadySentException: Headers already sent in /var/www/html/modules/manager/controllers/ManagerController.php on line 43. in /var/www/html/vendor/yiisoft/yii2/web/Response.php:368
Stack trace:
#0 /var/www/html/vendor/yiisoft/yii2/web/Response.php(341): yii\web\Response->sendHeaders()
#1 /var/www/html/vendor/yiisoft/yii2/base/Application.php(390): yii\web\Response->send()
#2 /var/www/html/web/index.php(12): yii\base\Application->run()
#3 {main}
$_SERVER = [
    'HOME' => '/var/www',
    'PHP_IDE_CONFIG' => 'serverName=Docker',
    'VERSION_PRESTISSIMO_PLUGIN' => '^0.3.0',
    'PHP_MD5' => '',
    'PHP_URL' => 'https://www.php.net/get/php-7.4.4.tar.xz/from/this/mirror',
    'SUPERVISOR_GROUP_NAME' => 'php-fpm',
    'GPG_KEYS' => '42670A7FE4D0441C8E4632349E4FDC074A4EF02D 5A52880781F755608BF815FC910DEB46F53EA312',
    'PATH' => '/app:/app/vendor/bin:/root/.composer/vendor/bin:/usr/local/sbin:/usr/local/bin:/usr/sbin:/usr/bin:/sbin:/bin',
    'PHP_ENABLE_XDEBUG' => '0',
    'TERM' => 'linux',
    'SUPERVISOR_SERVER_URL' => 'unix:///var/run/supervisor.sock',
    'XDEBUG_CONFIG' => 'remote_host=host.docker.internal remote_enable=1',
    'SUPERVISOR_ENABLED' => '1',
    'PHP_CPPFLAGS' => '-fstack-protector-strong -fpic -
2022/05/04 11:57:16 [error] 24#24: *79 FastCGI sent in stderr: "R_ALLOW_SUPERUSER' => '1',
    'VERSION_COMPOSER_MERGE_PLUGIN' => '^1.4.1',
    'SUPERVISOR_PROCESS_NAME' => 'php-fpm',
    'PHP_INI_DIR' => '/usr/local/etc/php',
    'PHP_CFLAGS' => '-fstack-protector-strong -fpic -fpie -O2 -D_LARGEFILE_SOURCE -D_FILE_OFFSET_BITS=64',
    'PHP_EXTRA_CONFIGURE_ARGS' => '--enable-fpm --with-fpm-user=www-data --with-fpm-group=www-data --disable-cgi',
    'VERSION_CODECEPTION' => '^2.2.6',
    'HOSTNAME' => 'b7aa3d07383d',
    'PWD' => '/var/www/html',
    'PHP_LDFLAGS' => '-Wl,-O1 -Wl,--hash-style=both -pie',
    'VERSION_YII2' => '^2.0.15',
    'PHP_ASC_URL' => 'https://www.php.net/get/php-7.4.4.tar.xz.asc/from/this/mirror',
    'USER' => 'www-data',
    'HTTP_COOKIE' => 'PHPSESSID=fa044a3a0d314b50b97cf0e98dc3f908; _identity=5a1f95433bfa43033d85f673adc43c898e7b0d0c7228ba208accf1e54745899ba%3A2%3A%7Bi%3A0%3Bs%3A9%3A%22_identity%22%3Bi%3A1%3Bs%3A14%3A%22%5B19%2Cnull%2C3600%5D%22%3B%7D; _csrf=45ba5173396134ec9e37b3e8814c007d722526257140bd88dc376ba2eab6c3d1a%3A2%3A%7Bi%3A0%3Bs%3A5%3A%22_csrf%22%3Bi%3A1%3Bs%3A32%3A%22kZ43I_Vx31TlC6SZLab9Y5vTYLfh98c3%22%3B%7D',
    'HTTP_ACCEPT_LANGUAGE' => 'ru-RU,ru;q=0.9,en-US;q=0.8,en;q=0.7',
    'HTTP_ACCEPT_ENCODING' => 'gzip, deflate, br',
    'HTTP_REFERER' => 'http://localhost/manager/manager/manager-create',
    'HTTP_SEC_FETCH_DEST' => 'document',
    'HTTP_SEC_FETCH_USER' => '?1',
    'HTTP_SEC_FETCH_MODE' => 'navigate',
    'HTTP_SEC_FETCH_SITE' => 'same-origin',
    'HTTP_ACCEPT' => 'text/html,application/xhtml+xml,application/xml;q=0.9,image/avif,image/webp,image/apng,*/*;q=0.8,application/signed-exchange;v=b3;q=0.9',
    'HTTP_USER_AGENT' => 'Mozilla/5.0 (Windows NT 10.0; Win64; x64) AppleWebKit/537.36 (KHTML, like Gecko) Chrome/101.0.4951.54 Safari/537.36',
    'HTTP_CONTENT_TYPE' => 'application/x-www-form-urlencoded',
    'HTTP_ORIGIN' => 'http://localhost',
    'HTTP_UPGRADE_INSECURE_REQUESTS' => '1',
    'HTTP_SEC_CH_UA_PLATFORM' => '"Windows"',
    'HTTP_SEC_CH_UA_MOBI
2022/05/04 11:57:47 [error] 24#24: *79 FastCGI sent in stderr: "PHP message: An Error occurred while handling another error:
yii\web\HeadersAlreadySentException: Headers already sent in /var/www/html/modules/manager/controllers/ManagerController.php on line 43. in /var/www/html/vendor/yiisoft/yii2/web/Response.php:368
Stack trace:
#0 /var/www/html/vendor/yiisoft/yii2/web/Response.php(341): yii\web\Response->sendHeaders()
#1 /var/www/html/vendor/yiisoft/yii2/web/ErrorHandler.php(136): yii\web\Response->send()
#2 /var/www/html/vendor/yiisoft/yii2/base/ErrorHandler.php(135): yii\web\ErrorHandler->renderException(Object(yii\web\HeadersAlreadySentException))
#3 [internal function]: yii\base\ErrorHandler->handleException(Object(yii\web\HeadersAlreadySentException))
#4 {main}
Previous exception:
yii\web\HeadersAlreadySentException: Headers already sent in /var/www/html/modules/manager/controllers/ManagerController.php on line 43. in /var/www/html/vendor/yiisoft/yii2/web/Response.php:368
Stack trace:
#0 /var/www/html/vendor/yiisoft/yii2/web/Response.php(341): yii\web\Response->sendHeaders()
#1 /var/www/html/vendor/yiisoft/yii2/base/Application.php(390): yii\web\Response->send()
#2 /var/www/html/web/index.php(12): yii\base\Application->run()
#3 {main}
$_SERVER = [
    'HOME' => '/var/www',
    'PHP_IDE_CONFIG' => 'serverName=Docker',
    'VERSION_PRESTISSIMO_PLUGIN' => '^0.3.0',
    'PHP_MD5' => '',
    'PHP_URL' => 'https://www.php.net/get/php-7.4.4.tar.xz/from/this/mirror',
    'SUPERVISOR_GROUP_NAME' => 'php-fpm',
    'GPG_KEYS' => '42670A7FE4D0441C8E4632349E4FDC074A4EF02D 5A52880781F755608BF815FC910DEB46F53EA312',
    'PATH' => '/app:/app/vendor/bin:/root/.composer/vendor/bin:/usr/local/sbin:/usr/local/bin:/usr/sbin:/usr/bin:/sbin:/bin',
    'PHP_ENABLE_XDEBUG' => '0',
    'TERM' => 'linux',
    'SUPERVISOR_SERVER_URL' => 'unix:///var/run/supervisor.sock',
    'XDEBUG_CONFIG' => 'remote_host=host.docker.internal remote_enable=1',
    'SUPERVISOR_ENABLED' => '1',
    'PHP_CPPFLAGS' => '-fstack-protector-strong -fpic -
2022/05/04 11:57:48 [error] 24#24: *79 FastCGI sent in stderr: "R_ALLOW_SUPERUSER' => '1',
    'VERSION_COMPOSER_MERGE_PLUGIN' => '^1.4.1',
    'SUPERVISOR_PROCESS_NAME' => 'php-fpm',
    'PHP_INI_DIR' => '/usr/local/etc/php',
    'PHP_CFLAGS' => '-fstack-protector-strong -fpic -fpie -O2 -D_LARGEFILE_SOURCE -D_FILE_OFFSET_BITS=64',
    'PHP_EXTRA_CONFIGURE_ARGS' => '--enable-fpm --with-fpm-user=www-data --with-fpm-group=www-data --disable-cgi',
    'VERSION_CODECEPTION' => '^2.2.6',
    'HOSTNAME' => 'b7aa3d07383d',
    'PWD' => '/var/www/html',
    'PHP_LDFLAGS' => '-Wl,-O1 -Wl,--hash-style=both -pie',
    'VERSION_YII2' => '^2.0.15',
    'PHP_ASC_URL' => 'https://www.php.net/get/php-7.4.4.tar.xz.asc/from/this/mirror',
    'USER' => 'www-data',
    'HTTP_COOKIE' => 'PHPSESSID=fa044a3a0d314b50b97cf0e98dc3f908; _identity=5a1f95433bfa43033d85f673adc43c898e7b0d0c7228ba208accf1e54745899ba%3A2%3A%7Bi%3A0%3Bs%3A9%3A%22_identity%22%3Bi%3A1%3Bs%3A14%3A%22%5B19%2Cnull%2C3600%5D%22%3B%7D; _csrf=45ba5173396134ec9e37b3e8814c007d722526257140bd88dc376ba2eab6c3d1a%3A2%3A%7Bi%3A0%3Bs%3A5%3A%22_csrf%22%3Bi%3A1%3Bs%3A32%3A%22kZ43I_Vx31TlC6SZLab9Y5vTYLfh98c3%22%3B%7D',
    'HTTP_ACCEPT_LANGUAGE' => 'ru-RU,ru;q=0.9,en-US;q=0.8,en;q=0.7',
    'HTTP_ACCEPT_ENCODING' => 'gzip, deflate, br',
    'HTTP_REFERER' => 'http://localhost/manager/manager/manager-create',
    'HTTP_SEC_FETCH_DEST' => 'document',
    'HTTP_SEC_FETCH_USER' => '?1',
    'HTTP_SEC_FETCH_MODE' => 'navigate',
    'HTTP_SEC_FETCH_SITE' => 'same-origin',
    'HTTP_ACCEPT' => 'text/html,application/xhtml+xml,application/xml;q=0.9,image/avif,image/webp,image/apng,*/*;q=0.8,application/signed-exchange;v=b3;q=0.9',
    'HTTP_CONTENT_TYPE' => 'application/x-www-form-urlencoded',
    'HTTP_ORIGIN' => 'http://localhost',
    'HTTP_USER_AGENT' => 'Mozilla/5.0 (Windows NT 10.0; Win64; x64) AppleWebKit/537.36 (KHTML, like Gecko) Chrome/101.0.4951.54 Safari/537.36',
    'HTTP_UPGRADE_INSECURE_REQUESTS' => '1',
    'HTTP_SEC_CH_UA_PLATFORM' => '"Windows"',
    'HTTP_SEC_CH_UA_MOBI
2022/05/04 12:05:11 [error] 22#22: *87 FastCGI sent in stderr: "PHP message: An Error occurred while handling another error:
yii\web\HeadersAlreadySentException: Headers already sent in /var/www/html/modules/manager/controllers/ManagerController.php on line 44. in /var/www/html/vendor/yiisoft/yii2/web/Response.php:368
Stack trace:
#0 /var/www/html/vendor/yiisoft/yii2/web/Response.php(341): yii\web\Response->sendHeaders()
#1 /var/www/html/vendor/yiisoft/yii2/web/ErrorHandler.php(136): yii\web\Response->send()
#2 /var/www/html/vendor/yiisoft/yii2/base/ErrorHandler.php(135): yii\web\ErrorHandler->renderException(Object(yii\web\HeadersAlreadySentException))
#3 [internal function]: yii\base\ErrorHandler->handleException(Object(yii\web\HeadersAlreadySentException))
#4 {main}
Previous exception:
yii\web\HeadersAlreadySentException: Headers already sent in /var/www/html/modules/manager/controllers/ManagerController.php on line 44. in /var/www/html/vendor/yiisoft/yii2/web/Response.php:368
Stack trace:
#0 /var/www/html/vendor/yiisoft/yii2/web/Response.php(341): yii\web\Response->sendHeaders()
#1 /var/www/html/vendor/yiisoft/yii2/base/Application.php(390): yii\web\Response->send()
#2 /var/www/html/web/index.php(12): yii\base\Application->run()
#3 {main}
$_SERVER = [
    'HOME' => '/var/www',
    'PHP_IDE_CONFIG' => 'serverName=Docker',
    'VERSION_PRESTISSIMO_PLUGIN' => '^0.3.0',
    'PHP_MD5' => '',
    'PHP_URL' => 'https://www.php.net/get/php-7.4.4.tar.xz/from/this/mirror',
    'SUPERVISOR_GROUP_NAME' => 'php-fpm',
    'GPG_KEYS' => '42670A7FE4D0441C8E4632349E4FDC074A4EF02D 5A52880781F755608BF815FC910DEB46F53EA312',
    'PATH' => '/app:/app/vendor/bin:/root/.composer/vendor/bin:/usr/local/sbin:/usr/local/bin:/usr/sbin:/usr/bin:/sbin:/bin',
    'PHP_ENABLE_XDEBUG' => '0',
    'TERM' => 'linux',
    'SUPERVISOR_SERVER_URL' => 'unix:///var/run/supervisor.sock',
    'XDEBUG_CONFIG' => 'remote_host=host.docker.internal remote_enable=1',
    'SUPERVISOR_ENABLED' => '1',
    'PHP_CPPFLAGS' => '-fstack-protector-strong -fpic -
2022/05/04 12:05:11 [error] 22#22: *87 FastCGI sent in stderr: "COMPOSER_MERGE_PLUGIN' => '^1.4.1',
    'SUPERVISOR_PROCESS_NAME' => 'php-fpm',
    'PHP_INI_DIR' => '/usr/local/etc/php',
    'PHP_CFLAGS' => '-fstack-protector-strong -fpic -fpie -O2 -D_LARGEFILE_SOURCE -D_FILE_OFFSET_BITS=64',
    'PHP_EXTRA_CONFIGURE_ARGS' => '--enable-fpm --with-fpm-user=www-data --with-fpm-group=www-data --disable-cgi',
    'VERSION_CODECEPTION' => '^2.2.6',
    'HOSTNAME' => 'b7aa3d07383d',
    'PWD' => '/var/www/html',
    'PHP_LDFLAGS' => '-Wl,-O1 -Wl,--hash-style=both -pie',
    'VERSION_YII2' => '^2.0.15',
    'PHP_ASC_URL' => 'https://www.php.net/get/php-7.4.4.tar.xz.asc/from/this/mirror',
    'USER' => 'www-data',
    'HTTP_COOKIE' => 'PHPSESSID=fa044a3a0d314b50b97cf0e98dc3f908; _identity=5a1f95433bfa43033d85f673adc43c898e7b0d0c7228ba208accf1e54745899ba%3A2%3A%7Bi%3A0%3Bs%3A9%3A%22_identity%22%3Bi%3A1%3Bs%3A14%3A%22%5B19%2Cnull%2C3600%5D%22%3B%7D; _csrf=45ba5173396134ec9e37b3e8814c007d722526257140bd88dc376ba2eab6c3d1a%3A2%3A%7Bi%3A0%3Bs%3A5%3A%22_csrf%22%3Bi%3A1%3Bs%3A32%3A%22kZ43I_Vx31TlC6SZLab9Y5vTYLfh98c3%22%3B%7D',
    'HTTP_ACCEPT_LANGUAGE' => 'ru-RU,ru;q=0.9,en-US;q=0.8,en;q=0.7',
    'HTTP_ACCEPT_ENCODING' => 'gzip, deflate, br',
    'HTTP_REFERER' => 'http://localhost/manager/manager/manager-create',
    'HTTP_SEC_FETCH_DEST' => 'document',
    'HTTP_SEC_FETCH_USER' => '?1',
    'HTTP_SEC_FETCH_MODE' => 'navigate',
    'HTTP_SEC_FETCH_SITE' => 'same-origin',
    'HTTP_ACCEPT' => 'text/html,application/xhtml+xml,application/xml;q=0.9,image/avif,image/webp,image/apng,*/*;q=0.8,application/signed-exchange;v=b3;q=0.9',
    'HTTP_USER_AGENT' => 'Mozilla/5.0 (Windows NT 10.0; Win64; x64) AppleWebKit/537.36 (KHTML, like Gecko) Chrome/101.0.4951.54 Safari/537.36',
    'HTTP_CONTENT_TYPE' => 'application/x-www-form-urlencoded',
    'HTTP_ORIGIN' => 'http://localhost',
    'HTTP_UPGRADE_INSECURE_REQUESTS' => '1',
    'HTTP_SEC_CH_UA_PLATFORM' => '"Windows"',
    'HTTP_SEC_CH_UA_MOBILE' => '?0',
    'HTTP_SEC_CH_UA' => '" 
2022/05/05 10:25:32 [notice] 1#1: using the "epoll" event method
2022/05/05 10:25:32 [notice] 1#1: nginx/1.21.6
2022/05/05 10:25:32 [notice] 1#1: built by gcc 10.2.1 20210110 (Debian 10.2.1-6) 
2022/05/05 10:25:32 [notice] 1#1: OS: Linux 5.10.16.3-microsoft-standard-WSL2
2022/05/05 10:25:32 [notice] 1#1: getrlimit(RLIMIT_NOFILE): 1048576:1048576
2022/05/05 10:25:32 [notice] 1#1: start worker processes
2022/05/05 10:25:32 [notice] 1#1: start worker process 22
2022/05/05 10:25:32 [notice] 1#1: start worker process 23
2022/05/05 10:25:32 [notice] 1#1: start worker process 24
2022/05/05 10:25:32 [notice] 1#1: start worker process 25
2022/05/05 10:25:32 [notice] 1#1: start worker process 26
2022/05/05 10:25:32 [notice] 1#1: start worker process 27
2022/05/05 10:25:32 [notice] 1#1: start worker process 28
2022/05/05 10:25:32 [notice] 1#1: start worker process 29
2022/05/05 10:25:32 [notice] 1#1: start worker process 30
2022/05/05 10:25:32 [notice] 1#1: start worker process 31
2022/05/05 10:25:32 [notice] 1#1: start worker process 32
2022/05/05 10:25:32 [notice] 1#1: start worker process 33
2022/05/06 12:17:54 [notice] 1#1: using the "epoll" event method
2022/05/06 12:17:54 [notice] 1#1: nginx/1.21.6
2022/05/06 12:17:54 [notice] 1#1: built by gcc 10.2.1 20210110 (Debian 10.2.1-6) 
2022/05/06 12:17:54 [notice] 1#1: OS: Linux 5.10.16.3-microsoft-standard-WSL2
2022/05/06 12:17:54 [notice] 1#1: getrlimit(RLIMIT_NOFILE): 1048576:1048576
2022/05/06 12:17:54 [notice] 1#1: start worker processes
2022/05/06 12:17:54 [notice] 1#1: start worker process 22
2022/05/06 12:17:54 [notice] 1#1: start worker process 23
2022/05/06 12:17:54 [notice] 1#1: start worker process 24
2022/05/06 12:17:54 [notice] 1#1: start worker process 25
2022/05/06 12:17:54 [notice] 1#1: start worker process 26
2022/05/06 12:17:54 [notice] 1#1: start worker process 27
2022/05/06 12:17:54 [notice] 1#1: start worker process 28
2022/05/06 12:17:54 [notice] 1#1: start worker process 29
2022/05/06 12:17:54 [notice] 1#1: start worker process 30
2022/05/06 12:17:54 [notice] 1#1: start worker process 31
2022/05/06 12:17:54 [notice] 1#1: start worker process 32
2022/05/06 12:17:54 [notice] 1#1: start worker process 33
2022/05/11 10:10:14 [notice] 1#1: using the "epoll" event method
2022/05/11 10:10:14 [notice] 1#1: nginx/1.21.6
2022/05/11 10:10:14 [notice] 1#1: built by gcc 10.2.1 20210110 (Debian 10.2.1-6) 
2022/05/11 10:10:14 [notice] 1#1: OS: Linux 5.10.16.3-microsoft-standard-WSL2
2022/05/11 10:10:14 [notice] 1#1: getrlimit(RLIMIT_NOFILE): 1048576:1048576
2022/05/11 10:10:14 [notice] 1#1: start worker processes
2022/05/11 10:10:14 [notice] 1#1: start worker process 22
2022/05/11 10:10:14 [notice] 1#1: start worker process 23
2022/05/11 10:10:14 [notice] 1#1: start worker process 24
2022/05/11 10:10:14 [notice] 1#1: start worker process 25
2022/05/11 10:10:14 [notice] 1#1: start worker process 26
2022/05/11 10:10:14 [notice] 1#1: start worker process 27
2022/05/11 10:10:14 [notice] 1#1: start worker process 28
2022/05/11 10:10:14 [notice] 1#1: start worker process 29
2022/05/11 10:10:14 [notice] 1#1: start worker process 30
2022/05/11 10:10:14 [notice] 1#1: start worker process 31
2022/05/11 10:10:14 [notice] 1#1: start worker process 32
2022/05/11 10:10:14 [notice] 1#1: start worker process 33
